<?xml version="1.0" encoding="UTF-8" ?>
<testsuite tests="3" failures="0" name="customer.steell1.handlers.CatalogServiceHandlerTest" time="0.049" errors="0" skipped="0">
  <properties>
[...]
</properties>
  <testcase classname="customer.steell1.handlers.CatalogServiceHandlerTest" name="testNoDiscount" time="0.049"/>
  <testcase classname="customer.steell1.handlers.CatalogServiceHandlerTest" name="testDiscount" time="0"/>
  <testcase classname="customer.steell1.handlers.CatalogServiceHandlerTest" name="testNoStockAvailable" time="0"/>
</testsuite>